<?xml version="1.0" encoding="UTF-8"?>
<!-- Generated by org.testng.reporters.JUnitXMLReporter -->
<testsuite ignored="0" hostname="ARYAN" failures="0" tests="4" name="Default test" time="0.077" errors="0" timestamp="2022-04-06T22:17:37 IST">
  <testcase classname="mod1.TA.LoginDataProvider" name="login" time="0.008"/>
  <testcase classname="mod1.TA.LoginDataProvider" name="login" time="0.001"/>
  <testcase classname="mod1.TA.LoginDataProvider" name="login" time="0.001"/>
  <testcase classname="mod1.TA.LoginDataProvider" name="login" time="0.001"/>
</testsuite> <!-- Default test -->
