<?xml version="1.0" encoding="UTF-8"?>
<!-- Generated by org.testng.reporters.JUnitXMLReporter -->
<testsuite ignored="0" hostname="ARYAN" failures="0" tests="5" name="Default test" time="12.742" errors="0" timestamp="2022-04-04T14:45:46 IST">
  <testcase classname="mod1.TA.ProjectExtentReports" name="verifyingTitle" time="0.015"/>
  <testcase classname="mod1.TA.ProjectExtentReports" name="goToValorant" time="4.235"/>
  <testcase classname="mod1.TA.ProjectExtentReports" name="clickOnSign" time="1.659"/>
  <testcase classname="mod1.TA.ProjectExtentReports" name="enterYourLoginName" time="0.081"/>
  <testcase classname="mod1.TA.ProjectExtentReports" name="pressContinueAfterLoginNameIsEntered" time="0.096"/>
</testsuite> <!-- Default test -->
