<?xml version="1.0" encoding="UTF-8"?>
<!-- Generated by org.testng.reporters.JUnitXMLReporter -->
<testsuite ignored="0" hostname="ARYAN" failures="0" tests="15" name="jenkinsTest" time="83.056" errors="0" timestamp="2022-04-06T18:53:58 IST">
  <testcase classname="mod1.TA.ProjectExtentReports" name="verifyingTitle" time="0.062"/>
  <testcase classname="mod1.TA.ProjectExtentReports" name="goToValorant" time="4.677"/>
  <testcase classname="mod1.TA.ProjectExtentReports" name="clickOnSign" time="1.472"/>
  <testcase classname="mod1.TA.ProjectExtentReports" name="enterYourLoginName" time="0.13"/>
  <testcase classname="mod1.TA.ProjectExtentReports" name="pressContinueAfterLoginNameIsEntered" time="0.189"/>
  <testcase classname="mod1.TA.LoginDataProvider" name="login" time="0.001"/>
  <testcase classname="mod1.TA.LoginDataProvider" name="login" time="0.004"/>
  <testcase classname="mod1.TA.LoginDataProvider" name="login" time="0.003"/>
  <testcase classname="mod1.TA.LoginDataProvider" name="login" time="0.002"/>
  <testcase classname="mod2.TA.ProjectLoggerTest" name="logSample" time="5.728"/>
  <testcase classname="mod3.TA.TestNGLogin" name="Login" time="13.523"/>
  <testcase classname="mod3.TA.TestNGRegistration" name="SignUp" time="10.691"/>
  <testcase classname="mod3.TA.TestNGSearchOne" name="searchOne" time="10.503"/>
  <testcase classname="mod3.TA.TestNGSearchTwo" name="SearchTwo" time="8.496"/>
  <testcase classname="mod4.TA.ProjectJenkins" name="jenkinsTest" time="0.003"/>
</testsuite> <!-- jenkinsTest -->
