<?xml version="1.0" encoding="UTF-8"?>
<!-- Generated by org.testng.reporters.JUnitXMLReporter -->
<testsuite ignored="0" hostname="ARYAN" failures="0" tests="15" name="jenkinsTest" time="93.408" errors="0" timestamp="2022-04-04T14:31:19 IST">
  <testcase classname="mod1.TA.ProjectExtentReports" name="verifyingTitle" time="0.023"/>
  <testcase classname="mod1.TA.ProjectExtentReports" name="goToValorant" time="5.948"/>
  <testcase classname="mod1.TA.ProjectExtentReports" name="clickOnSign" time="3.221"/>
  <testcase classname="mod1.TA.ProjectExtentReports" name="enterYourLoginName" time="0.2"/>
  <testcase classname="mod1.TA.ProjectExtentReports" name="pressContinueAfterLoginNameIsEntered" time="0.177"/>
  <testcase classname="mod1.TA.LoginDataProvider" name="login" time="0.004"/>
  <testcase classname="mod1.TA.LoginDataProvider" name="login" time="0.009"/>
  <testcase classname="mod1.TA.LoginDataProvider" name="login" time="0.024"/>
  <testcase classname="mod1.TA.LoginDataProvider" name="login" time="0.01"/>
  <testcase classname="mod2.TA.ProjectLoggerTest" name="logSample" time="5.431"/>
  <testcase classname="mod3.TA.TestNGLogin" name="Login" time="10.857"/>
  <testcase classname="mod3.TA.TestNGRegistration" name="SignUp" time="12.291"/>
  <testcase classname="mod3.TA.TestNGSearchOne" name="searchOne" time="9.349"/>
  <testcase classname="mod3.TA.TestNGSearchTwo" name="SearchTwo" time="7.17"/>
  <testcase classname="mod4.TA.ProjectJenkins" name="jenkinsTest" time="0.012"/>
</testsuite> <!-- jenkinsTest -->
