<?xml version="1.0" encoding="UTF-8"?>
<testng-results ignored="0" total="15" passed="15" failed="0" skipped="0">
  <reporter-output>
    <line>
      <![CDATA[Browser Is Now Opened]]>
    </line>
    <line>
      <![CDATA[Browser Is Now Maximized]]>
    </line>
    <line>
      <![CDATA[liquipedia.com Is Now Opened]]>
    </line>
    <line>
      <![CDATA[Browser Is Now Closed]]>
    </line>
  </reporter-output>
  <suite started-at="2022-04-06T18:52:35 IST" name="TestAutomation" finished-at="2022-04-06T18:53:58 IST" duration-ms="83056">
    <groups>
    </groups>
    <test started-at="2022-04-06T18:52:35 IST" name="jenkinsTest" finished-at="2022-04-06T18:53:58 IST" duration-ms="83056">
      <class name="mod1.TA.ProjectExtentReports">
        <test-method is-config="true" signature="launchingBrowser()[pri:0, instance:mod1.TA.ProjectExtentReports@f0c8a99]" started-at="2022-04-06T18:52:35 IST" name="launchingBrowser" finished-at="2022-04-06T18:52:42 IST" duration-ms="7226" status="PASS">
          <reporter-output>
          </reporter-output>
        </test-method> <!-- launchingBrowser -->
        <test-method is-config="true" signature="initializeReport()[pri:0, instance:mod1.TA.ProjectExtentReports@f0c8a99]" started-at="2022-04-06T18:53:00 IST" name="initializeReport" finished-at="2022-04-06T18:53:00 IST" duration-ms="423" status="PASS">
          <reporter-output>
          </reporter-output>
        </test-method> <!-- initializeReport -->
        <test-method signature="verifyingTitle()[pri:0, instance:mod1.TA.ProjectExtentReports@f0c8a99]" started-at="2022-04-06T18:53:00 IST" name="verifyingTitle" finished-at="2022-04-06T18:53:00 IST" duration-ms="62" status="PASS">
          <reporter-output>
          </reporter-output>
        </test-method> <!-- verifyingTitle -->
        <test-method signature="goToValorant()[pri:1, instance:mod1.TA.ProjectExtentReports@f0c8a99]" started-at="2022-04-06T18:53:00 IST" name="goToValorant" finished-at="2022-04-06T18:53:05 IST" duration-ms="4677" status="PASS">
          <reporter-output>
          </reporter-output>
        </test-method> <!-- goToValorant -->
        <test-method signature="clickOnSign()[pri:2, instance:mod1.TA.ProjectExtentReports@f0c8a99]" started-at="2022-04-06T18:53:05 IST" name="clickOnSign" finished-at="2022-04-06T18:53:06 IST" duration-ms="1472" status="PASS">
          <reporter-output>
          </reporter-output>
        </test-method> <!-- clickOnSign -->
        <test-method signature="enterYourLoginName()[pri:3, instance:mod1.TA.ProjectExtentReports@f0c8a99]" started-at="2022-04-06T18:53:06 IST" name="enterYourLoginName" finished-at="2022-04-06T18:53:07 IST" duration-ms="130" status="PASS">
          <reporter-output>
          </reporter-output>
        </test-method> <!-- enterYourLoginName -->
        <test-method signature="pressContinueAfterLoginNameIsEntered()[pri:4, instance:mod1.TA.ProjectExtentReports@f0c8a99]" started-at="2022-04-06T18:53:07 IST" name="pressContinueAfterLoginNameIsEntered" finished-at="2022-04-06T18:53:07 IST" duration-ms="189" status="PASS">
          <reporter-output>
          </reporter-output>
        </test-method> <!-- pressContinueAfterLoginNameIsEntered -->
        <test-method is-config="true" signature="publishingReport()[pri:0, instance:mod1.TA.ProjectExtentReports@f0c8a99]" started-at="2022-04-06T18:53:07 IST" name="publishingReport" finished-at="2022-04-06T18:53:07 IST" duration-ms="562" status="PASS">
          <reporter-output>
          </reporter-output>
        </test-method> <!-- publishingReport -->
        <test-method is-config="true" signature="destroyingSession()[pri:0, instance:mod1.TA.ProjectExtentReports@f0c8a99]" started-at="2022-04-06T18:53:56 IST" name="destroyingSession" finished-at="2022-04-06T18:53:57 IST" duration-ms="188" status="PASS">
          <reporter-output>
          </reporter-output>
        </test-method> <!-- destroyingSession -->
      </class> <!-- mod1.TA.ProjectExtentReports -->
      <class name="mod4.TA.ProjectJenkins">
        <test-method signature="jenkinsTest()[pri:0, instance:mod4.TA.ProjectJenkins@449a4f23]" started-at="2022-04-06T18:53:56 IST" name="jenkinsTest" finished-at="2022-04-06T18:53:56 IST" duration-ms="3" status="PASS">
          <reporter-output>
          </reporter-output>
        </test-method> <!-- jenkinsTest -->
      </class> <!-- mod4.TA.ProjectJenkins -->
      <class name="mod3.TA.TestNGSearchTwo">
        <test-method is-config="true" signature="beforeSearchTwo()[pri:0, instance:mod3.TA.TestNGSearchTwo@53fe15ff]" started-at="2022-04-06T18:52:55 IST" name="beforeSearchTwo" finished-at="2022-04-06T18:53:00 IST" duration-ms="4864" status="PASS">
          <reporter-output>
          </reporter-output>
        </test-method> <!-- beforeSearchTwo -->
        <test-method signature="SearchTwo()[pri:0, instance:mod3.TA.TestNGSearchTwo@53fe15ff]" started-at="2022-04-06T18:53:48 IST" name="SearchTwo" finished-at="2022-04-06T18:53:56 IST" duration-ms="8496" status="PASS">
          <reporter-output>
          </reporter-output>
        </test-method> <!-- SearchTwo -->
        <test-method is-config="true" signature="afterSearchOne()[pri:0, instance:mod3.TA.TestNGSearchTwo@53fe15ff]" started-at="2022-04-06T18:53:58 IST" name="afterSearchOne" finished-at="2022-04-06T18:53:58 IST" duration-ms="124" status="PASS">
          <reporter-output>
          </reporter-output>
        </test-method> <!-- afterSearchOne -->
      </class> <!-- mod3.TA.TestNGSearchTwo -->
      <class name="mod2.TA.ProjectLoggerTest">
        <test-method signature="logSample()[pri:0, instance:mod2.TA.ProjectLoggerTest@2a265ea9]" started-at="2022-04-06T18:53:07 IST" name="logSample" finished-at="2022-04-06T18:53:13 IST" duration-ms="5728" status="PASS">
          <reporter-output>
            <line>
              <![CDATA[Browser Is Now Opened]]>
            </line>
            <line>
              <![CDATA[Browser Is Now Maximized]]>
            </line>
            <line>
              <![CDATA[liquipedia.com Is Now Opened]]>
            </line>
            <line>
              <![CDATA[Browser Is Now Closed]]>
            </line>
          </reporter-output>
        </test-method> <!-- logSample -->
      </class> <!-- mod2.TA.ProjectLoggerTest -->
      <class name="mod1.TA.LoginDataProvider">
        <test-method signature="login(java.lang.String,java.lang.String,java.lang.String)[pri:0, instance:mod1.TA.LoginDataProvider@6d4d66d2]" started-at="2022-04-06T18:53:07 IST" name="login" data-provider="LoginDataDP" finished-at="2022-04-06T18:53:07 IST" duration-ms="1" status="PASS">
          <params>
            <param index="0">
              <value>
                <![CDATA[Username]]>
              </value>
            </param>
            <param index="1">
              <value>
                <![CDATA[Password]]>
              </value>
            </param>
            <param index="2">
              <value>
                <![CDATA[Browser]]>
              </value>
            </param>
          </params>
          <reporter-output>
          </reporter-output>
        </test-method> <!-- login -->
        <test-method signature="login(java.lang.String,java.lang.String,java.lang.String)[pri:0, instance:mod1.TA.LoginDataProvider@6d4d66d2]" started-at="2022-04-06T18:53:07 IST" name="login" data-provider="LoginDataDP" finished-at="2022-04-06T18:53:07 IST" duration-ms="4" status="PASS">
          <params>
            <param index="0">
              <value>
                <![CDATA[Username1]]>
              </value>
            </param>
            <param index="1">
              <value>
                <![CDATA[Password1]]>
              </value>
            </param>
            <param index="2">
              <value>
                <![CDATA[Google Chrome]]>
              </value>
            </param>
          </params>
          <reporter-output>
          </reporter-output>
        </test-method> <!-- login -->
        <test-method signature="login(java.lang.String,java.lang.String,java.lang.String)[pri:0, instance:mod1.TA.LoginDataProvider@6d4d66d2]" started-at="2022-04-06T18:53:07 IST" name="login" data-provider="LoginDataDP" finished-at="2022-04-06T18:53:07 IST" duration-ms="3" status="PASS">
          <params>
            <param index="0">
              <value>
                <![CDATA[Username2]]>
              </value>
            </param>
            <param index="1">
              <value>
                <![CDATA[Password2]]>
              </value>
            </param>
            <param index="2">
              <value>
                <![CDATA[Microsoft Edge]]>
              </value>
            </param>
          </params>
          <reporter-output>
          </reporter-output>
        </test-method> <!-- login -->
        <test-method signature="login(java.lang.String,java.lang.String,java.lang.String)[pri:0, instance:mod1.TA.LoginDataProvider@6d4d66d2]" started-at="2022-04-06T18:53:07 IST" name="login" data-provider="LoginDataDP" finished-at="2022-04-06T18:53:07 IST" duration-ms="2" status="PASS">
          <params>
            <param index="0">
              <value>
                <![CDATA[Username3]]>
              </value>
            </param>
            <param index="1">
              <value>
                <![CDATA[Password3]]>
              </value>
            </param>
            <param index="2">
              <value>
                <![CDATA[Mozilla Firefox]]>
              </value>
            </param>
          </params>
          <reporter-output>
          </reporter-output>
        </test-method> <!-- login -->
      </class> <!-- mod1.TA.LoginDataProvider -->
      <class name="mod3.TA.TestNGRegistration">
        <test-method is-config="true" signature="beforeSignUp()[pri:0, instance:mod3.TA.TestNGRegistration@76a4ebf2]" started-at="2022-04-06T18:52:47 IST" name="beforeSignUp" finished-at="2022-04-06T18:52:51 IST" duration-ms="4214" status="PASS">
          <reporter-output>
          </reporter-output>
        </test-method> <!-- beforeSignUp -->
        <test-method signature="SignUp()[pri:0, instance:mod3.TA.TestNGRegistration@76a4ebf2]" started-at="2022-04-06T18:53:27 IST" name="SignUp" finished-at="2022-04-06T18:53:37 IST" duration-ms="10691" status="PASS">
          <reporter-output>
          </reporter-output>
        </test-method> <!-- SignUp -->
        <test-method is-config="true" signature="afterSignUp()[pri:0, instance:mod3.TA.TestNGRegistration@76a4ebf2]" started-at="2022-04-06T18:53:57 IST" name="afterSignUp" finished-at="2022-04-06T18:53:58 IST" duration-ms="580" status="PASS">
          <reporter-output>
          </reporter-output>
        </test-method> <!-- afterSignUp -->
      </class> <!-- mod3.TA.TestNGRegistration -->
      <class name="mod3.TA.TestNGSearchOne">
        <test-method is-config="true" signature="beforeSearchOne()[pri:0, instance:mod3.TA.TestNGSearchOne@2e8c1c9b]" started-at="2022-04-06T18:52:51 IST" name="beforeSearchOne" finished-at="2022-04-06T18:52:55 IST" duration-ms="4001" status="PASS">
          <reporter-output>
          </reporter-output>
        </test-method> <!-- beforeSearchOne -->
        <test-method signature="searchOne()[pri:0, instance:mod3.TA.TestNGSearchOne@2e8c1c9b]" started-at="2022-04-06T18:53:37 IST" name="searchOne" finished-at="2022-04-06T18:53:48 IST" duration-ms="10503" status="PASS">
          <reporter-output>
          </reporter-output>
        </test-method> <!-- searchOne -->
        <test-method is-config="true" signature="afterSearchOne()[pri:0, instance:mod3.TA.TestNGSearchOne@2e8c1c9b]" started-at="2022-04-06T18:53:58 IST" name="afterSearchOne" finished-at="2022-04-06T18:53:58 IST" duration-ms="391" status="PASS">
          <reporter-output>
          </reporter-output>
        </test-method> <!-- afterSearchOne -->
      </class> <!-- mod3.TA.TestNGSearchOne -->
      <class name="mod3.TA.TestNGLogin">
        <test-method is-config="true" signature="beforeLogin()[pri:0, instance:mod3.TA.TestNGLogin@6e6f2380]" started-at="2022-04-06T18:52:42 IST" name="beforeLogin" finished-at="2022-04-06T18:52:47 IST" duration-ms="4201" status="PASS">
          <reporter-output>
          </reporter-output>
        </test-method> <!-- beforeLogin -->
        <test-method signature="Login()[pri:0, instance:mod3.TA.TestNGLogin@6e6f2380]" started-at="2022-04-06T18:53:13 IST" name="Login" finished-at="2022-04-06T18:53:27 IST" duration-ms="13523" status="PASS">
          <reporter-output>
          </reporter-output>
        </test-method> <!-- Login -->
        <test-method is-config="true" signature="AfterLogin()[pri:0, instance:mod3.TA.TestNGLogin@6e6f2380]" started-at="2022-04-06T18:53:57 IST" name="AfterLogin" finished-at="2022-04-06T18:53:57 IST" duration-ms="681" status="PASS">
          <reporter-output>
          </reporter-output>
        </test-method> <!-- AfterLogin -->
      </class> <!-- mod3.TA.TestNGLogin -->
    </test> <!-- jenkinsTest -->
  </suite> <!-- TestAutomation -->
</testng-results>
